  Assembling HellsAsm.asm...
  ApiHashing.c
  Common.c
C:\Users\dharani\Documents\Coding\MaldevAcademyLdr.1\Loader\ApiHashing.c(59,25): warning C4047: '=': 'CHAR' differs in levels of indirection from 'void *'
C:\Users\dharani\Documents\Coding\MaldevAcademyLdr.1\Loader\ApiHashing.c(109,39): warning C4244: 'initializing': conversion from 'WCHAR' to 'CHAR', possible loss of data
C:\Users\dharani\Documents\Coding\MaldevAcademyLdr.1\Loader\Common.c(147,47): warning C4142: 'strrchr': benign redefinition of type
  C:\Program Files\Microsoft Visual Studio\2022\Community\VC\Tools\MSVC\14.38.33130\include\vcruntime_string.h(76,38):
  see declaration of 'strrchr'
  
C:\Users\dharani\Documents\Coding\MaldevAcademyLdr.1\Loader\Common.c(149,19): warning C4163: 'strrchr': not available as an intrinsic function
C:\Users\dharani\Documents\Coding\MaldevAcademyLdr.1\Loader\Common.c(150,18): warning C4163: 'strrchr': not available as an intrinsic function
  CtAes.c
C:\Users\dharani\Documents\Coding\MaldevAcademyLdr.1\Loader\CtAes.c(533,34): warning C4090: 'function': different 'const' qualifiers
C:\Users\dharani\Documents\Coding\MaldevAcademyLdr.1\Loader\CtAes.c(549,23): warning C4090: 'function': different 'const' qualifiers
  Debug.c
  HellsHall.c
C:\Users\dharani\Documents\Coding\MaldevAcademyLdr.1\Loader\HellsHall.c(50,47): warning C4047: '==': 'ULONG_PTR' differs in levels of indirection from 'void *'
C:\Users\dharani\Documents\Coding\MaldevAcademyLdr.1\Loader\HellsHall.c(87,51): warning C4047: 'function': 'ULONG_PTR' differs in levels of indirection from 'HMODULE'
C:\Users\dharani\Documents\Coding\MaldevAcademyLdr.1\Loader\HellsHall.c(87,51): warning C4024: 'InitDllsConfigStructs': different types for formal and actual parameter 2
C:\Users\dharani\Documents\Coding\MaldevAcademyLdr.1\Loader\HellsHall.c(127,50): warning C4047: 'function': 'ULONG_PTR' differs in levels of indirection from 'HMODULE'
C:\Users\dharani\Documents\Coding\MaldevAcademyLdr.1\Loader\HellsHall.c(127,50): warning C4024: 'InitDllsConfigStructs': different types for formal and actual parameter 2
C:\Users\dharani\Documents\Coding\MaldevAcademyLdr.1\Loader\HellsHall.c(131,45): warning C4047: '==': 'DWORD' differs in levels of indirection from 'void *'
C:\Users\dharani\Documents\Coding\MaldevAcademyLdr.1\Loader\HellsHall.c(227,23): warning C4047: '==': 'DWORD' differs in levels of indirection from 'void *'
  Inject.c
C:\Users\dharani\Documents\Coding\MaldevAcademyLdr.1\Loader\Inject.c(24,13): warning C4047: '=': 'ULONG_PTR' differs in levels of indirection from 'PBYTE'
C:\Users\dharani\Documents\Coding\MaldevAcademyLdr.1\Loader\Inject.c(25,12): warning C4047: '=': 'ULONG_PTR' differs in levels of indirection from 'PBYTE'
C:\Users\dharani\Documents\Coding\MaldevAcademyLdr.1\Loader\Inject.c(27,18): warning C4022: 'Memcpy': pointer mismatch for actual parameter 2
C:\Users\dharani\Documents\Coding\MaldevAcademyLdr.1\Loader\Inject.c(28,17): warning C4022: 'Memcpy': pointer mismatch for actual parameter 2
C:\Users\dharani\Documents\Coding\MaldevAcademyLdr.1\Loader\Inject.c(21,13): warning C4047: 'initializing': 'ULONG_PTR' differs in levels of indirection from 'void *'
C:\Users\dharani\Documents\Coding\MaldevAcademyLdr.1\Loader\Inject.c(22,5): warning C4047: 'initializing': 'ULONG_PTR' differs in levels of indirection from 'void *'
C:\Users\dharani\Documents\Coding\MaldevAcademyLdr.1\Loader\Inject.c(66,32): warning C4244: 'initializing': conversion from 'SIZE_T' to 'DWORD', possible loss of data
C:\Users\dharani\Documents\Coding\MaldevAcademyLdr.1\Loader\Inject.c(166,1): warning C4010: single-line comment contains line-continuation character
  main.c
C:\Users\dharani\Documents\Coding\MaldevAcademyLdr.1\Loader\IatCamo.h(45,54): warning C4047: 'function': 'UINT' differs in levels of indirection from 'void *'
  (compiling source file 'main.c')
  
C:\Users\dharani\Documents\Coding\MaldevAcademyLdr.1\Loader\IatCamo.h(45,54): warning C4024: 'MessageBoxA': different types for formal and actual parameter 4
  (compiling source file 'main.c')
  
C:\Users\dharani\Documents\Coding\MaldevAcademyLdr.1\Loader\IatCamo.h(47,41): warning C4047: 'function': 'DWORD' differs in levels of indirection from 'void *'
  (compiling source file 'main.c')
  
C:\Users\dharani\Documents\Coding\MaldevAcademyLdr.1\Loader\IatCamo.h(47,41): warning C4024: 'SetCriticalSectionSpinCount': different types for formal and actual parameter 2
  (compiling source file 'main.c')
  
C:\Users\dharani\Documents\Coding\MaldevAcademyLdr.1\Loader\IatCamo.h(49,31): warning C4047: 'function': 'int' differs in levels of indirection from 'void *'
  (compiling source file 'main.c')
  
C:\Users\dharani\Documents\Coding\MaldevAcademyLdr.1\Loader\IatCamo.h(49,31): warning C4024: 'GetWindowLongPtrW': different types for formal and actual parameter 2
  (compiling source file 'main.c')
  
C:\Users\dharani\Documents\Coding\MaldevAcademyLdr.1\Loader\IatCamo.h(52,28): warning C4047: 'function': 'LCID' differs in levels of indirection from 'void *'
  (compiling source file 'main.c')
  
C:\Users\dharani\Documents\Coding\MaldevAcademyLdr.1\Loader\IatCamo.h(52,28): warning C4024: 'ConvertDefaultLocale': different types for formal and actual parameter 1
  (compiling source file 'main.c')
  
C:\Users\dharani\Documents\Coding\MaldevAcademyLdr.1\Loader\IatCamo.h(53,27): warning C4047: 'function': 'UINT' differs in levels of indirection from 'void *'
  (compiling source file 'main.c')
  
C:\Users\dharani\Documents\Coding\MaldevAcademyLdr.1\Loader\IatCamo.h(53,27): warning C4024: 'MultiByteToWideChar': different types for formal and actual parameter 1
  (compiling source file 'main.c')
  
C:\Users\dharani\Documents\Coding\MaldevAcademyLdr.1\Loader\IatCamo.h(53,33): warning C4047: 'function': 'DWORD' differs in levels of indirection from 'void *'
  (compiling source file 'main.c')
  
C:\Users\dharani\Documents\Coding\MaldevAcademyLdr.1\Loader\IatCamo.h(53,33): warning C4024: 'MultiByteToWideChar': different types for formal and actual parameter 2
  (compiling source file 'main.c')
  
C:\Users\dharani\Documents\Coding\MaldevAcademyLdr.1\Loader\IatCamo.h(53,45): warning C4047: 'function': 'int' differs in levels of indirection from 'void *'
  (compiling source file 'main.c')
  
C:\Users\dharani\Documents\Coding\MaldevAcademyLdr.1\Loader\IatCamo.h(53,45): warning C4024: 'MultiByteToWideChar': different types for formal and actual parameter 4
  (compiling source file 'main.c')
  
C:\Users\dharani\Documents\Coding\MaldevAcademyLdr.1\Loader\IatCamo.h(53,57): warning C4047: 'function': 'int' differs in levels of indirection from 'void *'
  (compiling source file 'main.c')
  
C:\Users\dharani\Documents\Coding\MaldevAcademyLdr.1\Loader\IatCamo.h(53,57): warning C4024: 'MultiByteToWideChar': different types for formal and actual parameter 6
  (compiling source file 'main.c')
  
C:\Users\dharani\Documents\Coding\MaldevAcademyLdr.1\Loader\main.c(24,8): warning C4305: 'initializing': truncation from 'double' to 'FLOAT'
C:\Users\dharani\Documents\Coding\MaldevAcademyLdr.1\Loader\main.c(34,46): warning C4047: 'function': 'DWORD' differs in levels of indirection from 'void *'
C:\Users\dharani\Documents\Coding\MaldevAcademyLdr.1\Loader\main.c(34,46): warning C4024: 'SHGetFolderPathW': different types for formal and actual parameter 4
C:\Users\dharani\Documents\Coding\MaldevAcademyLdr.1\Loader\main.c(41,36): warning C4244: 'initializing': conversion from 'FLOAT' to 'DWORD', possible loss of data
C:\Users\dharani\Documents\Coding\MaldevAcademyLdr.1\Loader\main.c(82,43): warning C4047: 'function': 'UINT32' differs in levels of indirection from 'void *'
C:\Users\dharani\Documents\Coding\MaldevAcademyLdr.1\Loader\main.c(82,43): warning C4024: 'GetModuleHandleH': different types for formal and actual parameter 1
  RsrcPayload.c
C:\Users\dharani\Documents\Coding\MaldevAcademyLdr.1\Loader\RsrcPayload.c(7,1): warning C4010: single-line comment contains line-continuation character
C:\Users\dharani\Documents\Coding\MaldevAcademyLdr.1\Loader\RsrcPayload.c(24,22): warning C4018: '<': signed/unsigned mismatch
C:\Users\dharani\Documents\Coding\MaldevAcademyLdr.1\Loader\RsrcPayload.c(46,56): warning C4047: '!=': 'DWORD' differs in levels of indirection from 'void *'
  Unook.c
C:\Users\dharani\Documents\Coding\MaldevAcademyLdr.1\Loader\Unook.c(25,68): warning C4267: '=': conversion from 'size_t' to 'USHORT', possible loss of data
C:\Users\dharani\Documents\Coding\MaldevAcademyLdr.1\Loader\Unook.c(16,11): warning C4047: 'initializing': 'SIZE_T' differs in levels of indirection from 'void *'
C:\Users\dharani\Documents\Coding\MaldevAcademyLdr.1\Loader\Unook.c(78,12): warning C4047: 'initializing': 'SIZE_T' differs in levels of indirection from 'void *'
  Generating Code...
ApiHashing.obj : error LNK2019: unresolved external symbol strlen referenced in function GetProcAddressH
RsrcPayload.obj : error LNK2001: unresolved external symbol _RTC_CheckStackVars
Unook.obj : error LNK2001: unresolved external symbol _RTC_CheckStackVars
ApiHashing.obj : error LNK2001: unresolved external symbol _RTC_CheckStackVars
CtAes.obj : error LNK2001: unresolved external symbol _RTC_CheckStackVars
Inject.obj : error LNK2001: unresolved external symbol _RTC_CheckStackVars
main.obj : error LNK2001: unresolved external symbol _RTC_CheckStackVars
Unook.obj : error LNK2001: unresolved external symbol _RTC_InitBase
HellsHall.obj : error LNK2001: unresolved external symbol _RTC_InitBase
Inject.obj : error LNK2001: unresolved external symbol _RTC_InitBase
main.obj : error LNK2001: unresolved external symbol _RTC_InitBase
RsrcPayload.obj : error LNK2001: unresolved external symbol _RTC_InitBase
ApiHashing.obj : error LNK2001: unresolved external symbol _RTC_InitBase
Common.obj : error LNK2001: unresolved external symbol _RTC_InitBase
CtAes.obj : error LNK2001: unresolved external symbol _RTC_InitBase
Debug.obj : error LNK2001: unresolved external symbol _RTC_InitBase
Unook.obj : error LNK2019: unresolved external symbol _RTC_Shutdown referenced in function UnhookAllLoadedDlls
HellsHall.obj : error LNK2001: unresolved external symbol _RTC_Shutdown
Inject.obj : error LNK2001: unresolved external symbol _RTC_Shutdown
main.obj : error LNK2001: unresolved external symbol _RTC_Shutdown
RsrcPayload.obj : error LNK2001: unresolved external symbol _RTC_Shutdown
ApiHashing.obj : error LNK2001: unresolved external symbol _RTC_Shutdown
Common.obj : error LNK2001: unresolved external symbol _RTC_Shutdown
CtAes.obj : error LNK2001: unresolved external symbol _RTC_Shutdown
Debug.obj : error LNK2001: unresolved external symbol _RTC_Shutdown
Unook.obj : error LNK2019: unresolved external symbol __imp_wcslen referenced in function MapDllFromKnownDllDir
C:\Users\dharani\Documents\Coding\MaldevAcademyLdr.1\x64\Debug\Loader.exe : fatal error LNK1120: 5 unresolved externals
